  Camera.cpp
D:\OneDrive\Documents\ESGI 4eme année\RaytracingXCpp\Raytracing\RayTracer\NewRaytracing\Camera.cpp(1,10): warning C4067: jetons inattendus après la directive du préprocesseur - saut de ligne attendu
D:\OneDrive\Documents\ESGI 4eme année\RaytracingXCpp\Raytracing\RayTracer\NewRaytracing\Camera.h(6,10): warning C4067: jetons inattendus après la directive du préprocesseur - saut de ligne attendu
D:\OneDrive\Documents\ESGI 4eme année\RaytracingXCpp\Raytracing\RayTracer\NewRaytracing\Camera.cpp(6,14): warning C4244: 'initialisation' : conversion de 'double' en 'float', perte possible de données
  CheckerboardTexture.cpp
  Dielectric.cpp
D:\OneDrive\Documents\ESGI 4eme année\RaytracingXCpp\Raytracing\RayTracer\NewRaytracing\Dielectric.cpp(22,18): warning C4244: '=' : conversion de 'double' en 'float', perte possible de données
  DiffuseLight.cpp
  Scene.cpp
D:\OneDrive\Documents\ESGI 4eme année\RaytracingXCpp\Raytracing\RayTracer\NewRaytracing\Scene.cpp(18,29): warning C4244: 'argument' : conversion de 'double' en 'float', perte possible de données
  ImageTexture.cpp
D:\OneDrive\Documents\ESGI 4eme année\RaytracingXCpp\Raytracing\RayTracer\NewRaytracing\ImageTexture.cpp(10,8): warning C4244: 'initialisation' : conversion de 'float' en 'int', perte possible de données
D:\OneDrive\Documents\ESGI 4eme année\RaytracingXCpp\Raytracing\RayTracer\NewRaytracing\ImageTexture.cpp(11,8): warning C4244: 'initialisation' : conversion de 'double' en 'int', perte possible de données
D:\OneDrive\Documents\ESGI 4eme année\RaytracingXCpp\Raytracing\RayTracer\NewRaytracing\ImageTexture.cpp(28,10): warning C4244: 'initialisation' : conversion de 'double' en 'float', perte possible de données
D:\OneDrive\Documents\ESGI 4eme année\RaytracingXCpp\Raytracing\RayTracer\NewRaytracing\ImageTexture.cpp(29,10): warning C4244: 'initialisation' : conversion de 'double' en 'float', perte possible de données
D:\OneDrive\Documents\ESGI 4eme année\RaytracingXCpp\Raytracing\RayTracer\NewRaytracing\ImageTexture.cpp(30,10): warning C4244: 'initialisation' : conversion de 'double' en 'float', perte possible de données
  Lambertian.cpp
  Material.cpp
  Metal.cpp
  NewRaytracing.cpp
D:\OneDrive\Documents\ESGI 4eme année\RaytracingXCpp\Raytracing\RayTracer\NewRaytracing\Camera.h(6,10): warning C4067: jetons inattendus après la directive du préprocesseur - saut de ligne attendu
D:\OneDrive\Documents\ESGI 4eme année\RaytracingXCpp\Raytracing\RayTracer\NewRaytracing\external\stb_image.h(964,11): warning C4312: 'cast de type' : la conversion de 'int' en 'unsigned char *' d'une taille supérieure
D:\OneDrive\Documents\ESGI 4eme année\RaytracingXCpp\Raytracing\RayTracer\NewRaytracing\external\stb_image.h(1033,19): warning C4312: 'cast de type' : la conversion de 'int' en 'unsigned char *' d'une taille supérieure
D:\OneDrive\Documents\ESGI 4eme année\RaytracingXCpp\Raytracing\RayTracer\NewRaytracing\external\stb_image.h(1082,11): warning C4312: 'cast de type' : la conversion de 'int' en 'float *' d'une taille supérieure
D:\OneDrive\Documents\ESGI 4eme année\RaytracingXCpp\Raytracing\RayTracer\NewRaytracing\external\stb_image.h(1104,19): warning C4312: 'cast de type' : la conversion de 'int' en 'float *' d'une taille supérieure
D:\OneDrive\Documents\ESGI 4eme année\RaytracingXCpp\Raytracing\RayTracer\NewRaytracing\external\stb_image.h(1330,14): warning C4312: 'cast de type' : la conversion de 'int' en 'unsigned char *' d'une taille supérieure
D:\OneDrive\Documents\ESGI 4eme année\RaytracingXCpp\Raytracing\RayTracer\NewRaytracing\external\stb_image.h(1368,50): warning C4312: 'cast de type' : la conversion de 'int' en 'float *' d'une taille supérieure
D:\OneDrive\Documents\ESGI 4eme année\RaytracingXCpp\Raytracing\RayTracer\NewRaytracing\external\stb_image.h(1388,50): warning C4312: 'cast de type' : la conversion de 'int' en 'unsigned char *' d'une taille supérieure
D:\OneDrive\Documents\ESGI 4eme année\RaytracingXCpp\Raytracing\RayTracer\NewRaytracing\external\stb_image.h(3297,45): warning C4312: 'cast de type' : la conversion de 'int' en 'unsigned char *' d'une taille supérieure
D:\OneDrive\Documents\ESGI 4eme année\RaytracingXCpp\Raytracing\RayTracer\NewRaytracing\external\stb_image.h(3325,71): warning C4312: 'cast de type' : la conversion de 'int' en 'unsigned char *' d'une taille supérieure
D:\OneDrive\Documents\ESGI 4eme année\RaytracingXCpp\Raytracing\RayTracer\NewRaytracing\external\stb_image.h(3343,52): warning C4312: 'cast de type' : la conversion de 'int' en 'unsigned char *' d'une taille supérieure
D:\OneDrive\Documents\ESGI 4eme année\RaytracingXCpp\Raytracing\RayTracer\NewRaytracing\external\stb_image.h(4457,45): warning C4312: 'cast de type' : la conversion de 'int' en 'unsigned char *' d'une taille supérieure
D:\OneDrive\Documents\ESGI 4eme année\RaytracingXCpp\Raytracing\RayTracer\NewRaytracing\external\stb_image.h(4585,61): warning C4312: 'cast de type' : la conversion de 'int' en 'unsigned char *' d'une taille supérieure
D:\OneDrive\Documents\ESGI 4eme année\RaytracingXCpp\Raytracing\RayTracer\NewRaytracing\external\stb_image.h(4591,80): warning C4312: 'cast de type' : la conversion de 'int' en 'unsigned char *' d'une taille supérieure
D:\OneDrive\Documents\ESGI 4eme année\RaytracingXCpp\Raytracing\RayTracer\NewRaytracing\external\stb_image.h(4599,38): warning C4312: 'cast de type' : la conversion de 'int' en 'unsigned char *' d'une taille supérieure
D:\OneDrive\Documents\ESGI 4eme année\RaytracingXCpp\Raytracing\RayTracer\NewRaytracing\external\stb_image.h(4601,25): warning C4312: 'cast de type' : la conversion de 'int' en 'unsigned char *' d'une taille supérieure
D:\OneDrive\Documents\ESGI 4eme année\RaytracingXCpp\Raytracing\RayTracer\NewRaytracing\external\stb_image.h(4609,50): warning C4312: 'cast de type' : la conversion de 'int' en 'unsigned char *' d'une taille supérieure
D:\OneDrive\Documents\ESGI 4eme année\RaytracingXCpp\Raytracing\RayTracer\NewRaytracing\external\stb_image.h(4644,26): warning C4312: 'cast de type' : la conversion de 'int' en 'unsigned char *' d'une taille supérieure
D:\OneDrive\Documents\ESGI 4eme année\RaytracingXCpp\Raytracing\RayTracer\NewRaytracing\external\stb_image.h(4647,23): warning C4312: 'cast de type' : la conversion de 'int' en 'unsigned char *' d'une taille supérieure
D:\OneDrive\Documents\ESGI 4eme année\RaytracingXCpp\Raytracing\RayTracer\NewRaytracing\external\stb_image.h(4674,21): warning C4312: 'cast de type' : la conversion de 'int' en 'unsigned char *' d'une taille supérieure
D:\OneDrive\Documents\ESGI 4eme année\RaytracingXCpp\Raytracing\RayTracer\NewRaytracing\external\stb_image.h(4677,63): warning C4312: 'cast de type' : la conversion de 'int' en 'unsigned char *' d'une taille supérieure
D:\OneDrive\Documents\ESGI 4eme année\RaytracingXCpp\Raytracing\RayTracer\NewRaytracing\external\stb_image.h(4688,37): warning C4312: 'cast de type' : la conversion de 'int' en 'unsigned char *' d'une taille supérieure
D:\OneDrive\Documents\ESGI 4eme année\RaytracingXCpp\Raytracing\RayTracer\NewRaytracing\external\stb_image.h(4726,58): warning C4312: 'cast de type' : la conversion de 'int' en 'unsigned char *' d'une taille supérieure
D:\OneDrive\Documents\ESGI 4eme année\RaytracingXCpp\Raytracing\RayTracer\NewRaytracing\external\stb_image.h(4904,26): warning C4312: 'cast de type' : la conversion de 'int' en 'unsigned char *' d'une taille supérieure
D:\OneDrive\Documents\ESGI 4eme année\RaytracingXCpp\Raytracing\RayTracer\NewRaytracing\external\stb_image.h(4925,20): warning C4312: 'cast de type' : la conversion de 'int' en 'unsigned char *' d'une taille supérieure
D:\OneDrive\Documents\ESGI 4eme année\RaytracingXCpp\Raytracing\RayTracer\NewRaytracing\external\stb_image.h(4930,20): warning C4312: 'cast de type' : la conversion de 'int' en 'unsigned char *' d'une taille supérieure
D:\OneDrive\Documents\ESGI 4eme année\RaytracingXCpp\Raytracing\RayTracer\NewRaytracing\external\stb_image.h(5062,14): warning C4312: 'cast de type' : la conversion de 'int' en 'unsigned char *' d'une taille supérieure
D:\OneDrive\Documents\ESGI 4eme année\RaytracingXCpp\Raytracing\RayTracer\NewRaytracing\external\stb_image.h(5066,14): warning C4312: 'cast de type' : la conversion de 'int' en 'unsigned char *' d'une taille supérieure
D:\OneDrive\Documents\ESGI 4eme année\RaytracingXCpp\Raytracing\RayTracer\NewRaytracing\external\stb_image.h(5074,14): warning C4312: 'cast de type' : la conversion de 'int' en 'unsigned char *' d'une taille supérieure
D:\OneDrive\Documents\ESGI 4eme année\RaytracingXCpp\Raytracing\RayTracer\NewRaytracing\external\stb_image.h(5082,14): warning C4312: 'cast de type' : la conversion de 'int' en 'unsigned char *' d'une taille supérieure
D:\OneDrive\Documents\ESGI 4eme année\RaytracingXCpp\Raytracing\RayTracer\NewRaytracing\external\stb_image.h(5095,14): warning C4312: 'cast de type' : la conversion de 'int' en 'unsigned char *' d'une taille supérieure
D:\OneDrive\Documents\ESGI 4eme année\RaytracingXCpp\Raytracing\RayTracer\NewRaytracing\external\stb_image.h(5112,14): warning C4312: 'cast de type' : la conversion de 'int' en 'unsigned char *' d'une taille supérieure
D:\OneDrive\Documents\ESGI 4eme année\RaytracingXCpp\Raytracing\RayTracer\NewRaytracing\external\stb_image.h(5116,21): warning C4312: 'cast de type' : la conversion de 'int' en 'unsigned char *' d'une taille supérieure
D:\OneDrive\Documents\ESGI 4eme année\RaytracingXCpp\Raytracing\RayTracer\NewRaytracing\external\stb_image.h(5258,38): warning C4312: 'cast de type' : la conversion de 'int' en 'unsigned char *' d'une taille supérieure
D:\OneDrive\Documents\ESGI 4eme année\RaytracingXCpp\Raytracing\RayTracer\NewRaytracing\external\stb_image.h(5286,17): warning C4312: 'cast de type' : la conversion de 'int' en 'unsigned char *' d'une taille supérieure
D:\OneDrive\Documents\ESGI 4eme année\RaytracingXCpp\Raytracing\RayTracer\NewRaytracing\external\stb_image.h(5297,44): warning C4312: 'cast de type' : la conversion de 'int' en 'unsigned char *' d'une taille supérieure
D:\OneDrive\Documents\ESGI 4eme année\RaytracingXCpp\Raytracing\RayTracer\NewRaytracing\external\stb_image.h(5298,38): warning C4312: 'cast de type' : la conversion de 'int' en 'unsigned char *' d'une taille supérieure
D:\OneDrive\Documents\ESGI 4eme année\RaytracingXCpp\Raytracing\RayTracer\NewRaytracing\external\stb_image.h(5312,23): warning C4312: 'cast de type' : la conversion de 'int' en 'unsigned char *' d'une taille supérieure
D:\OneDrive\Documents\ESGI 4eme année\RaytracingXCpp\Raytracing\RayTracer\NewRaytracing\external\stb_image.h(5331,52): warning C4312: 'cast de type' : la conversion de 'int' en 'unsigned char *' d'une taille supérieure
D:\OneDrive\Documents\ESGI 4eme année\RaytracingXCpp\Raytracing\RayTracer\NewRaytracing\external\stb_image.h(5349,48): warning C4312: 'cast de type' : la conversion de 'int' en 'unsigned char *' d'une taille supérieure
D:\OneDrive\Documents\ESGI 4eme année\RaytracingXCpp\Raytracing\RayTracer\NewRaytracing\external\stb_image.h(5360,32): warning C4312: 'cast de type' : la conversion de 'int' en 'unsigned char *' d'une taille supérieure
D:\OneDrive\Documents\ESGI 4eme année\RaytracingXCpp\Raytracing\RayTracer\NewRaytracing\external\stb_image.h(5369,45): warning C4312: 'cast de type' : la conversion de 'int' en 'unsigned char *' d'une taille supérieure
D:\OneDrive\Documents\ESGI 4eme année\RaytracingXCpp\Raytracing\RayTracer\NewRaytracing\external\stb_image.h(5396,33): warning C4312: 'cast de type' : la conversion de 'int' en 'unsigned char *' d'une taille supérieure
D:\OneDrive\Documents\ESGI 4eme année\RaytracingXCpp\Raytracing\RayTracer\NewRaytracing\external\stb_image.h(5397,34): warning C4312: 'cast de type' : la conversion de 'int' en 'unsigned char *' d'une taille supérieure
D:\OneDrive\Documents\ESGI 4eme année\RaytracingXCpp\Raytracing\RayTracer\NewRaytracing\external\stb_image.h(5611,31): warning C4312: 'cast de type' : la conversion de 'int' en 'unsigned char *' d'une taille supérieure
D:\OneDrive\Documents\ESGI 4eme année\RaytracingXCpp\Raytracing\RayTracer\NewRaytracing\external\stb_image.h(5615,48): warning C4312: 'cast de type' : la conversion de 'int' en 'unsigned char *' d'une taille supérieure
D:\OneDrive\Documents\ESGI 4eme année\RaytracingXCpp\Raytracing\RayTracer\NewRaytracing\external\stb_image.h(5620,23): warning C4312: 'cast de type' : la conversion de 'int' en 'unsigned char *' d'une taille supérieure
D:\OneDrive\Documents\ESGI 4eme année\RaytracingXCpp\Raytracing\RayTracer\NewRaytracing\external\stb_image.h(5631,20): warning C4312: 'cast de type' : la conversion de 'int' en 'unsigned char *' d'une taille supérieure
D:\OneDrive\Documents\ESGI 4eme année\RaytracingXCpp\Raytracing\RayTracer\NewRaytracing\external\stb_image.h(5660,52): warning C4312: 'cast de type' : la conversion de 'int' en 'unsigned char *' d'une taille supérieure
D:\OneDrive\Documents\ESGI 4eme année\RaytracingXCpp\Raytracing\RayTracer\NewRaytracing\external\stb_image.h(5667,52): warning C4312: 'cast de type' : la conversion de 'int' en 'unsigned char *' d'une taille supérieure
D:\OneDrive\Documents\ESGI 4eme année\RaytracingXCpp\Raytracing\RayTracer\NewRaytracing\external\stb_image.h(5684,23): warning C4312: 'cast de type' : la conversion de 'int' en 'unsigned char *' d'une taille supérieure
D:\OneDrive\Documents\ESGI 4eme année\RaytracingXCpp\Raytracing\RayTracer\NewRaytracing\external\stb_image.h(5714,23): warning C4312: 'cast de type' : la conversion de 'int' en 'unsigned char *' d'une taille supérieure
D:\OneDrive\Documents\ESGI 4eme année\RaytracingXCpp\Raytracing\RayTracer\NewRaytracing\external\stb_image.h(5747,20): warning C4312: 'cast de type' : la conversion de 'int' en 'unsigned char *' d'une taille supérieure
D:\OneDrive\Documents\ESGI 4eme année\RaytracingXCpp\Raytracing\RayTracer\NewRaytracing\external\stb_image.h(5860,14): warning C4312: 'cast de type' : la conversion de 'int' en 'float *' d'une taille supérieure
D:\OneDrive\Documents\ESGI 4eme année\RaytracingXCpp\Raytracing\RayTracer\NewRaytracing\external\stb_image.h(5869,26): warning C4312: 'cast de type' : la conversion de 'int' en 'float *' d'une taille supérieure
D:\OneDrive\Documents\ESGI 4eme année\RaytracingXCpp\Raytracing\RayTracer\NewRaytracing\external\stb_image.h(5874,42): warning C4312: 'cast de type' : la conversion de 'int' en 'float *' d'une taille supérieure
D:\OneDrive\Documents\ESGI 4eme année\RaytracingXCpp\Raytracing\RayTracer\NewRaytracing\external\stb_image.h(5878,42): warning C4312: 'cast de type' : la conversion de 'int' en 'float *' d'une taille supérieure
D:\OneDrive\Documents\ESGI 4eme année\RaytracingXCpp\Raytracing\RayTracer\NewRaytracing\external\stb_image.h(5927,79): warning C4312: 'cast de type' : la conversion de 'int' en 'float *' d'une taille supérieure
D:\OneDrive\Documents\ESGI 4eme année\RaytracingXCpp\Raytracing\RayTracer\NewRaytracing\external\stb_image.h(6142,21): warning C4312: 'cast de type' : la conversion de 'int' en 'unsigned char *' d'une taille supérieure
D:\OneDrive\Documents\ESGI 4eme année\RaytracingXCpp\Raytracing\RayTracer\NewRaytracing\NewRaytracing.cpp(50,14): warning C4101: 'b' : variable locale non référencée
D:\OneDrive\Documents\ESGI 4eme année\RaytracingXCpp\Raytracing\RayTracer\NewRaytracing\NewRaytracing.cpp(51,10): warning C4101: 'ig' : variable locale non référencée
D:\OneDrive\Documents\ESGI 4eme année\RaytracingXCpp\Raytracing\RayTracer\NewRaytracing\NewRaytracing.cpp(51,6): warning C4101: 'ir' : variable locale non référencée
D:\OneDrive\Documents\ESGI 4eme année\RaytracingXCpp\Raytracing\RayTracer\NewRaytracing\NewRaytracing.cpp(51,14): warning C4101: 'ib' : variable locale non référencée
D:\OneDrive\Documents\ESGI 4eme année\RaytracingXCpp\Raytracing\RayTracer\NewRaytracing\NewRaytracing.cpp(50,11): warning C4101: 'g' : variable locale non référencée
D:\OneDrive\Documents\ESGI 4eme année\RaytracingXCpp\Raytracing\RayTracer\NewRaytracing\NewRaytracing.cpp(50,8): warning C4101: 'r' : variable locale non référencée
D:\OneDrive\Documents\ESGI 4eme année\RaytracingXCpp\Raytracing\RayTracer\NewRaytracing\NewRaytracing.cpp(91,28): warning C4305: 'argument' : troncation de 'double' à 'float'
D:\OneDrive\Documents\ESGI 4eme année\RaytracingXCpp\Raytracing\RayTracer\NewRaytracing\NewRaytracing.cpp(104,14): warning C4244: 'initialisation' : conversion de 'float' en 'int', perte possible de données
D:\OneDrive\Documents\ESGI 4eme année\RaytracingXCpp\Raytracing\RayTracer\NewRaytracing\NewRaytracing.cpp(106,15): warning C4244: 'initialisation' : conversion de 'const float' en 'int', perte possible de données
D:\OneDrive\Documents\ESGI 4eme année\RaytracingXCpp\Raytracing\RayTracer\NewRaytracing\NewRaytracing.cpp(118,17): warning C4244: 'argument' : conversion de 'int' en 'const float', perte possible de données
D:\OneDrive\Documents\ESGI 4eme année\RaytracingXCpp\Raytracing\RayTracer\NewRaytracing\NewRaytracing.cpp(171,19): warning C4244: 'initialisation' : conversion de 'int' en 'float', perte possible de données
D:\OneDrive\Documents\ESGI 4eme année\RaytracingXCpp\Raytracing\RayTracer\NewRaytracing\NewRaytracing.cpp(181,66): warning C4305: 'argument' : troncation de 'double' à 'float'
D:\OneDrive\Documents\ESGI 4eme année\RaytracingXCpp\Raytracing\RayTracer\NewRaytracing\NewRaytracing.cpp(181,108): warning C4305: 'argument' : troncation de 'double' à 'float'
  Ray.cpp
  Sphere.cpp
  UniColorTexture.cpp
  Utils.cpp
D:\OneDrive\Documents\ESGI 4eme année\RaytracingXCpp\Raytracing\RayTracer\NewRaytracing\Utils.cpp(4,24): warning C4244: 'return' : conversion de 'double' en 'float', perte possible de données
D:\OneDrive\Documents\ESGI 4eme année\RaytracingXCpp\Raytracing\RayTracer\NewRaytracing\Utils.cpp(23,10): warning C4244: 'initialisation' : conversion de 'double' en 'float', perte possible de données
D:\OneDrive\Documents\ESGI 4eme année\RaytracingXCpp\Raytracing\RayTracer\NewRaytracing\Utils.cpp(44,8): warning C4244: '=' : conversion de 'double' en 'float', perte possible de données
D:\OneDrive\Documents\ESGI 4eme année\RaytracingXCpp\Raytracing\RayTracer\NewRaytracing\Utils.cpp(45,25): warning C4244: '=' : conversion de 'double' en 'float', perte possible de données
  Génération de code en cours...
  NewRaytracing.vcxproj -> D:\OneDrive\Documents\ESGI 4eme année\RaytracingXCpp\Raytracing\RayTracer\x64\Debug\NewRaytracing.exe
